app/build/intermediates/manifest_merge_blame_file/debug/processDebugMainManifest/manifest-merger-blame-debug-report.txt
1<?xml version="1.0" encoding="utf-8"?>
2<manifest xmlns:android="http://schemas.android.com/apk/res/android"
3    package="com.qtwl.gateway"
4    android:versionCode="47"
5    android:versionName="3.4.0" >
6
7    <uses-sdk
8        android:minSdkVersion="24"
9        android:targetSdkVersion="35" />
10
11    <!-- 网络权限 -->
12    <uses-permission android:name="android.permission.INTERNET" />
12-->src/main/AndroidManifest.xml:6:5-67
12-->src/main/AndroidManifest.xml:6:22-64
13    <uses-permission android:name="android.permission.ACCESS_NETWORK_STATE" />
13-->src/main/AndroidManifest.xml:7:5-79
13-->src/main/AndroidManifest.xml:7:22-76
14    <!-- 前台服务权限 -->
15    <uses-permission android:name="android.permission.FOREGROUND_SERVICE" />
15-->src/main/AndroidManifest.xml:9:5-77
15-->src/main/AndroidManifest.xml:9:22-74
16    <uses-permission android:name="android.permission.FOREGROUND_SERVICE_SPECIAL_USE" />
16-->src/main/AndroidManifest.xml:10:5-89
16-->src/main/AndroidManifest.xml:10:22-86
17    <!-- 开机自启 -->
18    <uses-permission android:name="android.permission.RECEIVE_BOOT_COMPLETED" />
18-->src/main/AndroidManifest.xml:12:5-81
18-->src/main/AndroidManifest.xml:12:22-78
19    <!-- 通知权限 (Android 13+) -->
20    <uses-permission android:name="android.permission.POST_NOTIFICATIONS" />
20-->src/main/AndroidManifest.xml:14:5-77
20-->src/main/AndroidManifest.xml:14:22-74
21
22    <permission
22-->[androidx.core:core:1.16.0] AndroidManifest.xml:22:5-24:47
23        android:name="com.qtwl.gateway.DYNAMIC_RECEIVER_NOT_EXPORTED_PERMISSION"
23-->[androidx.core:core:1.16.0] AndroidManifest.xml:23:9-81
24        android:protectionLevel="signature" />
24-->[androidx.core:core:1.16.0] AndroidManifest.xml:24:9-44
25
26    <uses-permission android:name="com.qtwl.gateway.DYNAMIC_RECEIVER_NOT_EXPORTED_PERMISSION" />
26-->[androidx.core:core:1.16.0] AndroidManifest.xml:26:5-97
26-->[androidx.core:core:1.16.0] AndroidManifest.xml:26:22-94
27
28    <application
28-->src/main/AndroidManifest.xml:16:5-47:19
29        android:name="com.qtwl.gateway.GatewayApplication"
29-->src/main/AndroidManifest.xml:17:9-43
30        android:allowBackup="true"
30-->src/main/AndroidManifest.xml:18:9-35
31        android:appComponentFactory="androidx.core.app.CoreComponentFactory"
31-->[androidx.core:core:1.16.0] AndroidManifest.xml:28:18-86
32        android:dataExtractionRules="@xml/data_extraction_rules"
32-->src/main/AndroidManifest.xml:19:9-65
33        android:debuggable="true"
34        android:extractNativeLibs="false"
35        android:fullBackupContent="@xml/backup_rules"
35-->src/main/AndroidManifest.xml:20:9-54
36        android:icon="@mipmap/ic_launcher"
36-->src/main/AndroidManifest.xml:21:9-43
37        android:label="@string/app_name"
37-->src/main/AndroidManifest.xml:22:9-41
38        android:roundIcon="@mipmap/ic_launcher_round"
38-->src/main/AndroidManifest.xml:23:9-54
39        android:supportsRtl="true"
39-->src/main/AndroidManifest.xml:24:9-35
40        android:theme="@style/Theme.MyApplication"
40-->src/main/AndroidManifest.xml:25:9-51
41        android:usesCleartextTraffic="true" >
41-->src/main/AndroidManifest.xml:26:9-44
42        <activity
42-->src/main/AndroidManifest.xml:29:9-39:20
43            android:name="com.qtwl.gateway.MainActivity"
43-->src/main/AndroidManifest.xml:30:13-41
44            android:exported="true"
44-->src/main/AndroidManifest.xml:31:13-36
45            android:label="@string/app_name"
45-->src/main/AndroidManifest.xml:33:13-45
46            android:launchMode="singleTask"
46-->src/main/AndroidManifest.xml:32:13-44
47            android:theme="@style/Theme.MyApplication" >
47-->src/main/AndroidManifest.xml:34:13-55
48            <intent-filter>
48-->src/main/AndroidManifest.xml:35:13-38:29
49                <action android:name="android.intent.action.MAIN" />
49-->src/main/AndroidManifest.xml:36:17-69
49-->src/main/AndroidManifest.xml:36:25-66
50
51                <category android:name="android.intent.category.LAUNCHER" />
51-->src/main/AndroidManifest.xml:37:17-77
51-->src/main/AndroidManifest.xml:37:27-74
52            </intent-filter>
53        </activity>
54
55        <!-- 网关前台服务 -->
56        <service
56-->src/main/AndroidManifest.xml:42:9-45:58
57            android:name="com.qtwl.gateway.service.GatewayForegroundService"
57-->src/main/AndroidManifest.xml:43:13-61
58            android:exported="false"
58-->src/main/AndroidManifest.xml:44:13-37
59            android:foregroundServiceType="specialUse" />
59-->src/main/AndroidManifest.xml:45:13-55
60
61        <activity
61-->[androidx.compose.ui:ui-tooling-android:1.10.2] AndroidManifest.xml:23:9-25:39
62            android:name="androidx.compose.ui.tooling.PreviewActivity"
62-->[androidx.compose.ui:ui-tooling-android:1.10.2] AndroidManifest.xml:24:13-71
63            android:exported="true" />
63-->[androidx.compose.ui:ui-tooling-android:1.10.2] AndroidManifest.xml:25:13-36
64
65        <provider
65-->[androidx.emoji2:emoji2:1.4.0] AndroidManifest.xml:24:9-32:20
66            android:name="androidx.startup.InitializationProvider"
66-->[androidx.emoji2:emoji2:1.4.0] AndroidManifest.xml:25:13-67
67            android:authorities="com.qtwl.gateway.androidx-startup"
67-->[androidx.emoji2:emoji2:1.4.0] AndroidManifest.xml:26:13-68
68            android:exported="false" >
68-->[androidx.emoji2:emoji2:1.4.0] AndroidManifest.xml:27:13-37
69            <meta-data
69-->[androidx.emoji2:emoji2:1.4.0] AndroidManifest.xml:29:13-31:52
70                android:name="androidx.emoji2.text.EmojiCompatInitializer"
70-->[androidx.emoji2:emoji2:1.4.0] AndroidManifest.xml:30:17-75
71                android:value="androidx.startup" />
71-->[androidx.emoji2:emoji2:1.4.0] AndroidManifest.xml:31:17-49
72            <meta-data
72-->[androidx.lifecycle:lifecycle-process:2.9.4] AndroidManifest.xml:29:13-31:52
73                android:name="androidx.lifecycle.ProcessLifecycleInitializer"
73-->[androidx.lifecycle:lifecycle-process:2.9.4] AndroidManifest.xml:30:17-78
74                android:value="androidx.startup" />
74-->[androidx.lifecycle:lifecycle-process:2.9.4] AndroidManifest.xml:31:17-49
75            <meta-data
75-->[androidx.profileinstaller:profileinstaller:1.4.0] AndroidManifest.xml:29:13-31:52
76                android:name="androidx.profileinstaller.ProfileInstallerInitializer"
76-->[androidx.profileinstaller:profileinstaller:1.4.0] AndroidManifest.xml:30:17-85
77                android:value="androidx.startup" />
77-->[androidx.profileinstaller:profileinstaller:1.4.0] AndroidManifest.xml:31:17-49
78        </provider>
79
80        <uses-library
80-->[androidx.window:window:1.5.0] AndroidManifest.xml:23:9-25:40
81            android:name="androidx.window.extensions"
81-->[androidx.window:window:1.5.0] AndroidManifest.xml:24:13-54
82            android:required="false" />
82-->[androidx.window:window:1.5.0] AndroidManifest.xml:25:13-37
83        <uses-library
83-->[androidx.window:window:1.5.0] AndroidManifest.xml:26:9-28:40
84            android:name="androidx.window.sidecar"
84-->[androidx.window:window:1.5.0] AndroidManifest.xml:27:13-51
85            android:required="false" />
85-->[androidx.window:window:1.5.0] AndroidManifest.xml:28:13-37
86
87        <activity
87-->[androidx.compose.ui:ui-test-manifest:1.10.2] AndroidManifest.xml:23:9-26:79
88            android:name="androidx.activity.ComponentActivity"
88-->[androidx.compose.ui:ui-test-manifest:1.10.2] AndroidManifest.xml:24:13-63
89            android:exported="true"
89-->[androidx.compose.ui:ui-test-manifest:1.10.2] AndroidManifest.xml:25:13-36
90            android:theme="@android:style/Theme.Material.Light.NoActionBar" />
90-->[androidx.compose.ui:ui-test-manifest:1.10.2] AndroidManifest.xml:26:13-76
91
92        <service
92-->[androidx.room:room-runtime-android:2.8.4] AndroidManifest.xml:24:9-28:63
93            android:name="androidx.room.MultiInstanceInvalidationService"
93-->[androidx.room:room-runtime-android:2.8.4] AndroidManifest.xml:25:13-74
94            android:directBootAware="true"
94-->[androidx.room:room-runtime-android:2.8.4] AndroidManifest.xml:26:13-43
95            android:exported="false" />
95-->[androidx.room:room-runtime-android:2.8.4] AndroidManifest.xml:27:13-37
96
97        <receiver
97-->[androidx.profileinstaller:profileinstaller:1.4.0] AndroidManifest.xml:34:9-52:20
98            android:name="androidx.profileinstaller.ProfileInstallReceiver"
98-->[androidx.profileinstaller:profileinstaller:1.4.0] AndroidManifest.xml:35:13-76
99            android:directBootAware="false"
99-->[androidx.profileinstaller:profileinstaller:1.4.0] AndroidManifest.xml:36:13-44
100            android:enabled="true"
100-->[androidx.profileinstaller:profileinstaller:1.4.0] AndroidManifest.xml:37:13-35
101            android:exported="true"
101-->[androidx.profileinstaller:profileinstaller:1.4.0] AndroidManifest.xml:38:13-36
102            android:permission="android.permission.DUMP" >
102-->[androidx.profileinstaller:profileinstaller:1.4.0] AndroidManifest.xml:39:13-57
103            <intent-filter>
103-->[androidx.profileinstaller:profileinstaller:1.4.0] AndroidManifest.xml:40:13-42:29
104                <action android:name="androidx.profileinstaller.action.INSTALL_PROFILE" />
104-->[androidx.profileinstaller:profileinstaller:1.4.0] AndroidManifest.xml:41:17-91
104-->[androidx.profileinstaller:profileinstaller:1.4.0] AndroidManifest.xml:41:25-88
105            </intent-filter>
106            <intent-filter>
106-->[androidx.profileinstaller:profileinstaller:1.4.0] AndroidManifest.xml:43:13-45:29
107                <action android:name="androidx.profileinstaller.action.SKIP_FILE" />
107-->[androidx.profileinstaller:profileinstaller:1.4.0] AndroidManifest.xml:44:17-85
107-->[androidx.profileinstaller:profileinstaller:1.4.0] AndroidManifest.xml:44:25-82
108            </intent-filter>
109            <intent-filter>
109-->[androidx.profileinstaller:profileinstaller:1.4.0] AndroidManifest.xml:46:13-48:29
110                <action android:name="androidx.profileinstaller.action.SAVE_PROFILE" />
110-->[androidx.profileinstaller:profileinstaller:1.4.0] AndroidManifest.xml:47:17-88
110-->[androidx.profileinstaller:profileinstaller:1.4.0] AndroidManifest.xml:47:25-85
111            </intent-filter>
112            <intent-filter>
112-->[androidx.profileinstaller:profileinstaller:1.4.0] AndroidManifest.xml:49:13-51:29
113                <action android:name="androidx.profileinstaller.action.BENCHMARK_OPERATION" />
113-->[androidx.profileinstaller:profileinstaller:1.4.0] AndroidManifest.xml:50:17-95
113-->[androidx.profileinstaller:profileinstaller:1.4.0] AndroidManifest.xml:50:25-92
114            </intent-filter>
115        </receiver>
116    </application>
117
118</manifest>